<?xml version="1.0" encoding="UTF-8"?>
<testsuite name="BlockchainTest" tests="1" skipped="0" failures="0" errors="0" timestamp="2024-03-25T18:33:36" hostname="macbook-pro-uzivatela-cuninka.home" time="1.189">
  <properties/>
  <testcase name="start" classname="BlockchainTest" time="1.189"/>
  <system-out><![CDATA[?[1;31m
Start test 1?[0m
Enter how many zeros the hash must start with: 
> 0
Block:
Id: 1
Timestamp: 1711391616960
Magic number: -1043428329
Hash of the previous block:
0
Hash of the block:
159d0cb0eb04fd10d56b57c2db18dec63f6d4a8ad539fa30f168e2e5b8193dfb
Block was generating for 0 seconds

Block:
Id: 2
Timestamp: 1711391616974
Magic number: -802976470
Hash of the previous block:
159d0cb0eb04fd10d56b57c2db18dec63f6d4a8ad539fa30f168e2e5b8193dfb
Hash of the block:
89e93fca8b1141c6fcc07857edcedf02f27b988701fe572b4b3abf6016d8975d
Block was generating for 0 seconds

Block:
Id: 3
Timestamp: 1711391616975
Magic number: 952751751
Hash of the previous block:
89e93fca8b1141c6fcc07857edcedf02f27b988701fe572b4b3abf6016d8975d
Hash of the block:
b8ce83fcd5ec568244a84edefbb74d430e8b8640863daa70a4511e0572ae254c
Block was generating for 0 seconds

Block:
Id: 4
Timestamp: 1711391616975
Magic number: -1532580293
Hash of the previous block:
b8ce83fcd5ec568244a84edefbb74d430e8b8640863daa70a4511e0572ae254c
Hash of the block:
adf51ff227637677cfacf727d89227b40d5e6188342c3545ecceca26ab355e14
Block was generating for 0 seconds

Block:
Id: 5
Timestamp: 1711391616975
Magic number: -1431252783
Hash of the previous block:
adf51ff227637677cfacf727d89227b40d5e6188342c3545ecceca26ab355e14
Hash of the block:
60258a495c2c1a6d407a8cda52ea1d67b5e4bab76a41ddc4d8f977c6d7d69cdd
Block was generating for 0 seconds

?[1;31m
Start test 2?[0m
Enter how many zeros the hash must start with: 
> 1
Block:
Id: 1
Timestamp: 1711391617149
Magic number: -707105316
Hash of the previous block:
0
Hash of the block:
0b3c76d5434eb6e9c828ed1da66ea90450e983c3d8736b3fcb28d58273bce5c3
Block was generating for 0 seconds

Block:
Id: 2
Timestamp: 1711391617150
Magic number: -151896576
Hash of the previous block:
0b3c76d5434eb6e9c828ed1da66ea90450e983c3d8736b3fcb28d58273bce5c3
Hash of the block:
07d0e1867a0f8372a1aba99924d0a1e9305fe30890a1a786982be8cf25660900
Block was generating for 0 seconds

Block:
Id: 3
Timestamp: 1711391617153
Magic number: -871839466
Hash of the previous block:
07d0e1867a0f8372a1aba99924d0a1e9305fe30890a1a786982be8cf25660900
Hash of the block:
02d41a14c4306ec9743583800b1f394a4f4410309fa563bd80c31f899e93fa44
Block was generating for 0 seconds

Block:
Id: 4
Timestamp: 1711391617154
Magic number: -253697855
Hash of the previous block:
02d41a14c4306ec9743583800b1f394a4f4410309fa563bd80c31f899e93fa44
Hash of the block:
0bbcbf1e774f3cb35446e5e486d2afd4f5ae0a62cac405968667046aeeb4b066
Block was generating for 0 seconds

Block:
Id: 5
Timestamp: 1711391617159
Magic number: -1815138724
Hash of the previous block:
0bbcbf1e774f3cb35446e5e486d2afd4f5ae0a62cac405968667046aeeb4b066
Hash of the block:
0230b4575b523edfdd1d9c26d337f64a5a4665855d8b0c888de0f8cb0f499e7d
Block was generating for 0 seconds

?[1;31m
Start test 3?[0m
Enter how many zeros the hash must start with: 
> 2
Block:
Id: 1
Timestamp: 1711391617247
Magic number: 2036317268
Hash of the previous block:
0
Hash of the block:
00ca8be834eab51f0677e2ebea3ae63fadf2ad47a04ddbaf4d79bf7788658409
Block was generating for 0 seconds

Block:
Id: 2
Timestamp: 1711391617268
Magic number: -1001076280
Hash of the previous block:
00ca8be834eab51f0677e2ebea3ae63fadf2ad47a04ddbaf4d79bf7788658409
Hash of the block:
004dee79b940f453783187d2e0335152e219be427ac399b145f81c678a270657
Block was generating for 0 seconds

Block:
Id: 3
Timestamp: 1711391617276
Magic number: 1958000171
Hash of the previous block:
004dee79b940f453783187d2e0335152e219be427ac399b145f81c678a270657
Hash of the block:
00bac5c29fa03d3bd15bed072f970a18fa429954d921079a1e12154a46cc2ecc
Block was generating for 0 seconds

Block:
Id: 4
Timestamp: 1711391617294
Magic number: 1335468208
Hash of the previous block:
00bac5c29fa03d3bd15bed072f970a18fa429954d921079a1e12154a46cc2ecc
Hash of the block:
0006a5c6c31509192b3473982545d970c3397b2d5d728d2d0f8e59938d1caf7a
Block was generating for 0 seconds

Block:
Id: 5
Timestamp: 1711391617295
Magic number: 12812571
Hash of the previous block:
0006a5c6c31509192b3473982545d970c3397b2d5d728d2d0f8e59938d1caf7a
Hash of the block:
0035f417dc078785d6c21cd039561c6153578dbcb05c5d3739575df1f6a92ea2
Block was generating for 0 seconds

?[1;31m
Start test 4?[0m
Enter how many zeros the hash must start with: 
> 0
Block:
Id: 1
Timestamp: 1711391617433
Magic number: -94699561
Hash of the previous block:
0
Hash of the block:
7aabeac66352c0865ae4309e3f8c6809bc28f2126acc319912df9b2f32cb39a5
Block was generating for 0 seconds

Block:
Id: 2
Timestamp: 1711391617435
Magic number: -1112869955
Hash of the previous block:
7aabeac66352c0865ae4309e3f8c6809bc28f2126acc319912df9b2f32cb39a5
Hash of the block:
6a2f030541d736413baf0be15a205046e466d1fb63bf5e6f3e2ca7c8c9adf8f3
Block was generating for 0 seconds

Block:
Id: 3
Timestamp: 1711391617435
Magic number: -18380401
Hash of the previous block:
6a2f030541d736413baf0be15a205046e466d1fb63bf5e6f3e2ca7c8c9adf8f3
Hash of the block:
e61d479308072bcdbc0607390d413c7fe505c0db76b9c7c3cef997c4fb9711d1
Block was generating for 0 seconds

Block:
Id: 4
Timestamp: 1711391617435
Magic number: -1936597924
Hash of the previous block:
e61d479308072bcdbc0607390d413c7fe505c0db76b9c7c3cef997c4fb9711d1
Hash of the block:
50a802664316cfb37cc59793d0f0d13c1a6691efebe94d4f0b08218cb0525561
Block was generating for 0 seconds

Block:
Id: 5
Timestamp: 1711391617435
Magic number: 1006071087
Hash of the previous block:
50a802664316cfb37cc59793d0f0d13c1a6691efebe94d4f0b08218cb0525561
Hash of the block:
e249183684f955c4f44d4400f91803acd24ead0b668a67cdf55feb3ebf490628
Block was generating for 0 seconds

?[1;31m
Start test 5?[0m
Enter how many zeros the hash must start with: 
> 1
Block:
Id: 1
Timestamp: 1711391617516
Magic number: -1449917486
Hash of the previous block:
0
Hash of the block:
0cde99d844adc78f213ae213f410e3b13a9b37ad728adc0a9641031c5edaa6f4
Block was generating for 0 seconds

Block:
Id: 2
Timestamp: 1711391617518
Magic number: -2054607547
Hash of the previous block:
0cde99d844adc78f213ae213f410e3b13a9b37ad728adc0a9641031c5edaa6f4
Hash of the block:
0894989116882a2ebbe56ed0f64a7df15c9406eee11dbdb44687e0847e7fff6f
Block was generating for 0 seconds

Block:
Id: 3
Timestamp: 1711391617519
Magic number: 1395213834
Hash of the previous block:
0894989116882a2ebbe56ed0f64a7df15c9406eee11dbdb44687e0847e7fff6f
Hash of the block:
0bcb21163e5b00c1ba26b5d6c24cbf508168930a74a03cac5c2671acfc5b1118
Block was generating for 0 seconds

Block:
Id: 4
Timestamp: 1711391617519
Magic number: -1868427344
Hash of the previous block:
0bcb21163e5b00c1ba26b5d6c24cbf508168930a74a03cac5c2671acfc5b1118
Hash of the block:
0585818b87b853aefe70ef5f5a093e9ea63f3753ab7c1bae8ec561eb35373d5b
Block was generating for 0 seconds

Block:
Id: 5
Timestamp: 1711391617520
Magic number: 312998140
Hash of the previous block:
0585818b87b853aefe70ef5f5a093e9ea63f3753ab7c1bae8ec561eb35373d5b
Hash of the block:
0ef0ceeaf5bed79cd70115e95bc49271f017adfd743c1393b4756e8710d8b3ec
Block was generating for 0 seconds

?[1;31m
Start test 6?[0m
Enter how many zeros the hash must start with: 
> 2
Block:
Id: 1
Timestamp: 1711391617602
Magic number: -681702535
Hash of the previous block:
0
Hash of the block:
00dbf61eb49df0530018336b424e6ad1f4c5674471b589ec36a517d5b2db9e74
Block was generating for 0 seconds

Block:
Id: 2
Timestamp: 1711391617605
Magic number: -24876581
Hash of the previous block:
00dbf61eb49df0530018336b424e6ad1f4c5674471b589ec36a517d5b2db9e74
Hash of the block:
007c19c9abeb5afa56a4258913ff8fcc562592778a60ea80447d1eefd4633536
Block was generating for 0 seconds

Block:
Id: 3
Timestamp: 1711391617622
Magic number: 1269913432
Hash of the previous block:
007c19c9abeb5afa56a4258913ff8fcc562592778a60ea80447d1eefd4633536
Hash of the block:
0051934bfab01a783b43e84ceac3864980ab94922f93995cfaab227d88123015
Block was generating for 0 seconds

Block:
Id: 4
Timestamp: 1711391617624
Magic number: 809496113
Hash of the previous block:
0051934bfab01a783b43e84ceac3864980ab94922f93995cfaab227d88123015
Hash of the block:
007b6953fb1b03f9908bb0201abe5cc0b300490500959b4d1d2c51e6cae273e5
Block was generating for 0 seconds

Block:
Id: 5
Timestamp: 1711391617650
Magic number: -743031383
Hash of the previous block:
007b6953fb1b03f9908bb0201abe5cc0b300490500959b4d1d2c51e6cae273e5
Hash of the block:
00d6fd34428f31db4b784eff2aaf387d0d9e0cb0280627f267895f8d67fe3a3a
Block was generating for 0 seconds

]]></system-out>
  <system-err><![CDATA[]]></system-err>
</testsuite>
